<?xml version="1.0" encoding="UTF-8"?>
<testsuite xmlns:xsi="http://www.w3.org/2001/XMLSchema-instance" xsi:noNamespaceSchemaLocation="https://maven.apache.org/surefire/maven-surefire-plugin/xsd/surefire-test-report-3.0.xsd" version="3.0" name="TestSuite" time="16.428" tests="4" errors="0" skipped="0" failures="1">
  <properties>
[...]
</properties>
  <testcase name="validate" classname="EndtoEndProject.ValidateText" time="0.03">
    <failure message="expected [Featured 123Courses] but found [Featured Courses]" type="java.lang.AssertionError"><![CDATA[java.lang.AssertionError: expected [Featured 123Courses] but found [Featured Courses]
	at EndtoEndProject.ValidateText.validate(ValidateText.java:48)
]]></failure>
    <system-err><![CDATA[Starting ChromeDriver 90.0.4430.24 (4c6d850f087da467d926e8eddb76550aed655991-refs/branch-heads/4430@{#429}) on port 34319
Only local connections are allowed.
Please see https://chromedriveSr.tcharormtiuim.nog Crhgr/soemcuerDityr-ciovnseirde ra9t0i.o0n.s4 4fo3r0 .s2u4gg e(st4iocns6 odn8 k5eep0infg 0Ch8ro7medDari4ve6r 7sadfe9.2
6e8eddb76550aed655991-refs/branch-heads/4430@{#429}) on port 16643
Only local connections are allowed.S
taPrletaisnge C hsroemeeD rihvetrt 9p0.sC0:h./r4/o4cm3he0rDor.mi2v4ee rd( ri4wvaecrs6. dcs8ht5r0afor0mt8ie7udmd .aosr4g6u/7csdec9c2eu6rseis8teyfd-udcblo7nl6s5yi5d.0earea
dt6i5o5n9s91 -froerf ss/ubgrangestiocnsh -ohne akdese/p4i4n3g0 @C{hr#om4e2Dr9iv}e)r  osna fpeo.rt
 15517
Only local connections are allowed.
Please see https://chromedriver.chromium.org/security-considerations for suggestions on keeping ChromeDriver safe.
ChromeDriver was started successfully.
ChromeDriver was started successfully.
[1626957981.035][WARNING]: This version of ChromeDriver has not been tested with Chrome version 91.
Jul 22, 2021 6:16:21 PM org.openqa.selenium.remote.ProtocolHandshake createSession
INFO: Detected dialect: W3C
[1626957981.090][WARNING]: This v[e1r6s2i6o9n of C5h7r9o8m1e.D0r9i1ve]r[ WhAaRsN InNoGt] :b eTehni st evsetresdi owni tohf  CChhrroommee Dvreirvseiro nh a9s1 .no
t been tested with Chrome version 91.
Jul 22, 2021 6:16:21 PM org.openqa.selenium.remote.ProtocolHandshake createSession
INFO: Detected dialect: W3C
Jul 22, 2021 6:16:21 PM org.openqa.selenium.remote.ProtocolHandshake createSession
INFO: Detected dialect: W3C
]]></system-err>
  </testcase>
  <testcase name="navigationBar" classname="EndtoEndProject.NavBar" time="0.048"/>
  <testcase name="basePageNavigation[username1, password1](1)" classname="EndtoEndProject.HomePage" time="1.5"/>
  <testcase name="basePageNavigation[username2, password2](2)" classname="EndtoEndProject.HomePage" time="4.085"/>
</testsuite>